<?xml version="1.0" encoding="UTF-8"?>
<testsuite xmlns:xsi="http://www.w3.org/2001/XMLSchema-instance" xsi:noNamespaceSchemaLocation="https://maven.apache.org/surefire/maven-surefire-plugin/xsd/surefire-test-report-3.0.xsd" version="3.0" name="org.example.AppTest" time="0.017" tests="1" errors="0" skipped="0" failures="0">
  <properties>
    <property name="java.specification.version" value="17"/>
    <property name="sun.jnu.encoding" value="UTF-8"/>
    <property name="java.class.path" value="/Users/lucaabignano/Desktop/ClimateMonitoring/target/test-classes:/Users/lucaabignano/Desktop/ClimateMonitoring/target/classes:/Users/lucaabignano/.m2/repository/org/postgresql/postgresql/42.7.3/postgresql-42.7.3.jar:/Users/lucaabignano/.m2/repository/org/checkerframework/checker-qual/3.42.0/checker-qual-3.42.0.jar:/Users/lucaabignano/Desktop/ClimateMonitoring/data/AbsoluteLayout-RELEASE210.jar:/Users/lucaabignano/.m2/repository/junit/junit/4.13.2/junit-4.13.2.jar:/Users/lucaabignano/.m2/repository/org/hamcrest/hamcrest-core/1.3/hamcrest-core-1.3.jar:"/>
    <property name="java.vm.vendor" value="Oracle Corporation"/>
    <property name="sun.arch.data.model" value="64"/>
    <property name="java.vendor.url" value="https://java.oracle.com/"/>
    <property name="os.name" value="Mac OS X"/>
    <property name="java.vm.specification.version" value="17"/>
    <property name="sun.java.launcher" value="SUN_STANDARD"/>
    <property name="user.country" value="IT"/>
    <property name="sun.boot.library.path" value="/Library/Java/JavaVirtualMachines/jdk-17.jdk/Contents/Home/lib"/>
    <property name="sun.java.command" value="/Users/lucaabignano/Desktop/ClimateMonitoring/target/surefire/surefirebooter-20240714145546730_3.jar /Users/lucaabignano/Desktop/ClimateMonitoring/target/surefire 2024-07-14T14-55-46_697-jvmRun1 surefire-20240714145546730_1tmp surefire_0-20240714145546730_2tmp"/>
    <property name="http.nonProxyHosts" value="local|*.local|169.254/16|*.169.254/16"/>
    <property name="jdk.debug" value="release"/>
    <property name="surefire.test.class.path" value="/Users/lucaabignano/Desktop/ClimateMonitoring/target/test-classes:/Users/lucaabignano/Desktop/ClimateMonitoring/target/classes:/Users/lucaabignano/.m2/repository/org/postgresql/postgresql/42.7.3/postgresql-42.7.3.jar:/Users/lucaabignano/.m2/repository/org/checkerframework/checker-qual/3.42.0/checker-qual-3.42.0.jar:/Users/lucaabignano/Desktop/ClimateMonitoring/data/AbsoluteLayout-RELEASE210.jar:/Users/lucaabignano/.m2/repository/junit/junit/4.13.2/junit-4.13.2.jar:/Users/lucaabignano/.m2/repository/org/hamcrest/hamcrest-core/1.3/hamcrest-core-1.3.jar:"/>
    <property name="sun.cpu.endian" value="little"/>
    <property name="user.home" value="/Users/lucaabignano"/>
    <property name="user.language" value="it"/>
    <property name="java.specification.vendor" value="Oracle Corporation"/>
    <property name="java.version.date" value="2023-01-17"/>
    <property name="java.home" value="/Library/Java/JavaVirtualMachines/jdk-17.jdk/Contents/Home"/>
    <property name="file.separator" value="/"/>
    <property name="basedir" value="/Users/lucaabignano/Desktop/ClimateMonitoring"/>
    <property name="java.vm.compressedOopsMode" value="Zero based"/>
    <property name="line.separator" value="&#10;"/>
    <property name="java.specification.name" value="Java Platform API Specification"/>
    <property name="java.vm.specification.vendor" value="Oracle Corporation"/>
    <property name="surefire.real.class.path" value="/Users/lucaabignano/Desktop/ClimateMonitoring/target/surefire/surefirebooter-20240714145546730_3.jar"/>
    <property name="sun.management.compiler" value="HotSpot 64-Bit Tiered Compilers"/>
    <property name="ftp.nonProxyHosts" value="local|*.local|169.254/16|*.169.254/16"/>
    <property name="java.runtime.version" value="17.0.6+9-LTS-190"/>
    <property name="user.name" value="lucaabignano"/>
    <property name="path.separator" value=":"/>
    <property name="os.version" value="14.5"/>
    <property name="java.runtime.name" value="Java(TM) SE Runtime Environment"/>
    <property name="file.encoding" value="UTF-8"/>
    <property name="java.vm.name" value="Java HotSpot(TM) 64-Bit Server VM"/>
    <property name="localRepository" value="/Users/lucaabignano/.m2/repository"/>
    <property name="java.vendor.url.bug" value="https://bugreport.java.com/bugreport/"/>
    <property name="java.io.tmpdir" value="/var/folders/cs/3hw52xyx2k120g3n079lyhyh0000gn/T/"/>
    <property name="idea.version" value="2024.1"/>
    <property name="java.version" value="17.0.6"/>
    <property name="user.dir" value="/Users/lucaabignano/Desktop/ClimateMonitoring"/>
    <property name="os.arch" value="aarch64"/>
    <property name="java.vm.specification.name" value="Java Virtual Machine Specification"/>
    <property name="native.encoding" value="UTF-8"/>
    <property name="java.library.path" value="/Users/lucaabignano/Library/Java/Extensions:/Library/Java/Extensions:/Network/Library/Java/Extensions:/System/Library/Java/Extensions:/usr/lib/java:."/>
    <property name="java.vm.info" value="mixed mode, sharing"/>
    <property name="java.vendor" value="Oracle Corporation"/>
    <property name="java.vm.version" value="17.0.6+9-LTS-190"/>
    <property name="sun.io.unicode.encoding" value="UnicodeBig"/>
    <property name="socksNonProxyHosts" value="local|*.local|169.254/16|*.169.254/16"/>
    <property name="java.class.version" value="61.0"/>
  </properties>
  <testcase name="testApp" classname="org.example.AppTest" time="0.0"/>
</testsuite>